1534764266268	geckodriver	INFO	geckodriver 0.21.0
1534764266273	geckodriver	INFO	Listening on 127.0.0.1:47123
1534764267273	mozrunner::runner	INFO	Running command: "/usr/bin/firefox" "-marionette" "-foreground" "-no-remote" "-profile" "/tmp/rust_mozprofile.G0LZ9eFeOICJ"
1534764269025	Marionette	INFO	Listening on port 38753
1534764269084	Marionette	WARN	TLS certificate errors will be ignored for this session
JavaScript warning: http://cdnjs.cloudflare.com/ajax/libs/jquery/1.9.1/jquery.min.js, line 1: Using //@ to indicate sourceMappingURL pragmas is deprecated. Use //# instead
1534764384615	geckodriver	INFO	geckodriver 0.21.0
1534764384620	geckodriver	INFO	Listening on 127.0.0.1:48121
1534764385627	mozrunner::runner	INFO	Running command: "/usr/bin/firefox" "-marionette" "-foreground" "-no-remote" "-profile" "/tmp/rust_mozprofile.PycrS5sA7pTg"
1534764387392	Marionette	INFO	Listening on port 41109
1534764387452	Marionette	WARN	TLS certificate errors will be ignored for this session
JavaScript warning: http://cdnjs.cloudflare.com/ajax/libs/jquery/1.9.1/jquery.min.js, line 1: Using //@ to indicate sourceMappingURL pragmas is deprecated. Use //# instead
[Parent 19957, Gecko_IOThread] WARNING: pipe error (54): Connection reset by peer: file /build/firefox-mWstsA/firefox-61.0.1+build1/ipc/chromium/src/chrome/common/ipc_channel_posix.cc, line 353
*** UTM:SVC TimerManager:registerTimer called after profile-before-change notification. Ignoring timer registration for id: telemetry_modules_ping
1534764587582	geckodriver	INFO	geckodriver 0.21.0
1534764587587	geckodriver	INFO	Listening on 127.0.0.1:41325
1534764588593	mozrunner::runner	INFO	Running command: "/usr/bin/firefox" "-marionette" "-foreground" "-no-remote" "-profile" "/tmp/rust_mozprofile.93K26Tp1YTkX"
1534764590405	Marionette	INFO	Listening on port 43981
1534764590513	Marionette	WARN	TLS certificate errors will be ignored for this session
JavaScript warning: http://cdnjs.cloudflare.com/ajax/libs/jquery/1.9.1/jquery.min.js, line 1: Using //@ to indicate sourceMappingURL pragmas is deprecated. Use //# instead
[Parent 20249, Gecko_IOThread] WARNING: pipe error (54): Connection reset by peer: file /build/firefox-mWstsA/firefox-61.0.1+build1/ipc/chromium/src/chrome/common/ipc_channel_posix.cc, line 353
*** UTM:SVC TimerManager:registerTimer called after profile-before-change notification. Ignoring timer registration for id: telemetry_modules_ping
1534764648709	geckodriver	INFO	geckodriver 0.21.0
1534764648715	geckodriver	INFO	Listening on 127.0.0.1:56847
1534764649722	mozrunner::runner	INFO	Running command: "/usr/bin/firefox" "-marionette" "-foreground" "-no-remote" "-profile" "/tmp/rust_mozprofile.B0U6R9HnfYxd"
1534764651452	Marionette	INFO	Listening on port 45691
1534764651538	Marionette	WARN	TLS certificate errors will be ignored for this session
JavaScript warning: http://cdnjs.cloudflare.com/ajax/libs/jquery/1.9.1/jquery.min.js, line 1: Using //@ to indicate sourceMappingURL pragmas is deprecated. Use //# instead
JavaScript error: https://fbsbx.com/captcha/recaptcha/iframe/?referer=https%3A%2F%2Fwww.facebook.com, line 1: TypeError: o is null
JavaScript error: https://fbsbx.com/captcha/recaptcha/iframe/?referer=https%3A%2F%2Fwww.facebook.com, line 1: TypeError: o is null
JavaScript error: https://fbsbx.com/captcha/recaptcha/iframe/?referer=https%3A%2F%2Fwww.facebook.com, line 1: TypeError: o is null
JavaScript error: https://fbsbx.com/captcha/recaptcha/iframe/?referer=https%3A%2F%2Fwww.facebook.com, line 1: TypeError: o is null
JavaScript error: https://fbsbx.com/captcha/recaptcha/iframe/?referer=https%3A%2F%2Fwww.facebook.com, line 1: TypeError: o is null
JavaScript error: https://fbsbx.com/captcha/recaptcha/iframe/?referer=https%3A%2F%2Fwww.facebook.com, line 1: TypeError: o is null
JavaScript error: https://fbsbx.com/captcha/recaptcha/iframe/?referer=https%3A%2F%2Fwww.facebook.com, line 1: TypeError: o is null
JavaScript error: https://fbsbx.com/captcha/recaptcha/iframe/?referer=https%3A%2F%2Fwww.facebook.com, line 1: TypeError: o is null
JavaScript error: https://fbsbx.com/captcha/recaptcha/iframe/?referer=https%3A%2F%2Fwww.facebook.com, line 1: TypeError: o is null
JavaScript error: https://fbsbx.com/captcha/recaptcha/iframe/?referer=https%3A%2F%2Fwww.facebook.com, line 1: TypeError: o is null
JavaScript error: https://fbsbx.com/captcha/recaptcha/iframe/?referer=https%3A%2F%2Fwww.facebook.com, line 1: TypeError: o is null
JavaScript error: https://fbsbx.com/captcha/recaptcha/iframe/?referer=https%3A%2F%2Fwww.facebook.com, line 1: TypeError: o is null
JavaScript error: https://fbsbx.com/captcha/recaptcha/iframe/?referer=https%3A%2F%2Fwww.facebook.com, line 1: TypeError: o is null
JavaScript error: https://fbsbx.com/captcha/recaptcha/iframe/?referer=https%3A%2F%2Fwww.facebook.com, line 1: TypeError: o is null
JavaScript error: https://fbsbx.com/captcha/recaptcha/iframe/?referer=https%3A%2F%2Fwww.facebook.com, line 1: TypeError: o is null
JavaScript error: https://fbsbx.com/captcha/recaptcha/iframe/?referer=https%3A%2F%2Fwww.facebook.com, line 1: TypeError: o is null
JavaScript error: https://fbsbx.com/captcha/recaptcha/iframe/?referer=https%3A%2F%2Fwww.facebook.com, line 1: TypeError: o is null
JavaScript error: https://fbsbx.com/captcha/recaptcha/iframe/?referer=https%3A%2F%2Fwww.facebook.com, line 1: TypeError: o is null
JavaScript error: https://fbsbx.com/captcha/recaptcha/iframe/?referer=https%3A%2F%2Fwww.facebook.com, line 1: TypeError: o is null
JavaScript error: https://fbsbx.com/captcha/recaptcha/iframe/?referer=https%3A%2F%2Fwww.facebook.com, line 1: TypeError: o is null
JavaScript error: https://fbsbx.com/captcha/recaptcha/iframe/?referer=https%3A%2F%2Fwww.facebook.com, line 1: TypeError: o is null
JavaScript error: https://fbsbx.com/captcha/recaptcha/iframe/?referer=https%3A%2F%2Fwww.facebook.com, line 1: TypeError: o is null
JavaScript error: https://fbsbx.com/captcha/recaptcha/iframe/?referer=https%3A%2F%2Fwww.facebook.com, line 1: TypeError: o is null
JavaScript error: https://fbsbx.com/captcha/recaptcha/iframe/?referer=https%3A%2F%2Fwww.facebook.com, line 1: TypeError: o is null
JavaScript error: https://fbsbx.com/captcha/recaptcha/iframe/?referer=https%3A%2F%2Fwww.facebook.com, line 1: TypeError: o is null
JavaScript error: https://fbsbx.com/captcha/recaptcha/iframe/?referer=https%3A%2F%2Fwww.facebook.com, line 1: TypeError: o is null
1535813418882	geckodriver	INFO	geckodriver 0.21.0
1535813418889	geckodriver	INFO	Listening on 127.0.0.1:34987
1535813419888	mozrunner::runner	INFO	Running command: "/usr/bin/firefox" "-marionette" "-foreground" "-no-remote" "-profile" "/tmp/rust_mozprofile.i9MZHtxIvtzE"
1535813421380	Marionette	INFO	Listening on port 43865
1535813421396	Marionette	WARN	TLS certificate errors will be ignored for this session
JavaScript warning: http://cdnjs.cloudflare.com/ajax/libs/jquery/1.9.1/jquery.min.js, line 1: Using //@ to indicate sourceMappingURL pragmas is deprecated. Use //# instead
1535832114957	geckodriver	INFO	geckodriver 0.21.0
1535832114961	geckodriver	INFO	Listening on 127.0.0.1:34633
1535832115968	mozrunner::runner	INFO	Running command: "/usr/bin/firefox" "-marionette" "-foreground" "-no-remote" "-profile" "/tmp/rust_mozprofile.5B8TLJfpMa5x"
1535832117483	Marionette	INFO	Listening on port 33707
1535832117590	Marionette	WARN	TLS certificate errors will be ignored for this session
[Parent 23817, Gecko_IOThread] WARNING: pipe error (55): Connection reset by peer: file /build/firefox-mWstsA/firefox-61.0.1+build1/ipc/chromium/src/chrome/common/ipc_channel_posix.cc, line 353
*** UTM:SVC TimerManager:registerTimer called after profile-before-change notification. Ignoring timer registration for id: telemetry_modules_ping
1535981568556	geckodriver	INFO	geckodriver 0.21.0
1535981568619	geckodriver	INFO	Listening on 127.0.0.1:59147
1535981570197	mozrunner::runner	INFO	Running command: "/usr/bin/firefox" "-marionette" "-foreground" "-no-remote" "-profile" "/tmp/rust_mozprofile.KNl34Z3KpRV5"
1535981576553	Marionette	INFO	Listening on port 45197
1535981576614	Marionette	WARN	TLS certificate errors will be ignored for this session
JavaScript warning: http://cdnjs.cloudflare.com/ajax/libs/jquery/1.9.1/jquery.min.js, line 1: Using //@ to indicate sourceMappingURL pragmas is deprecated. Use //# instead
1535981654139	geckodriver	INFO	geckodriver 0.21.0
1535981654142	geckodriver	INFO	Listening on 127.0.0.1:35649
1535981655173	mozrunner::runner	INFO	Running command: "/usr/bin/firefox" "-marionette" "-foreground" "-no-remote" "-profile" "/tmp/rust_mozprofile.TI8EvEC1EVnt"
1535981656321	Marionette	INFO	Listening on port 46139
1535981656378	Marionette	WARN	TLS certificate errors will be ignored for this session
JavaScript warning: http://cdnjs.cloudflare.com/ajax/libs/jquery/1.9.1/jquery.min.js, line 1: Using //@ to indicate sourceMappingURL pragmas is deprecated. Use //# instead
[Parent 3743, Gecko_IOThread] WARNING: pipe error (56): Connection reset by peer: file /build/firefox/src/mozilla-unified/ipc/chromium/src/chrome/common/ipc_channel_posix.cc, line 353
[Parent 4182, Gecko_IOThread] WARNING: pipe error (61): Connection reset by peer: file /build/firefox/src/mozilla-unified/ipc/chromium/src/chrome/common/ipc_channel_posix.cc, line 353
*** UTM:SVC TimerManager:registerTimer called after profile-before-change notification. Ignoring timer registration for id: telemetry_modules_ping
1535981710849	geckodriver	INFO	geckodriver 0.21.0
1535981710853	geckodriver	INFO	Listening on 127.0.0.1:51185
1535981711883	mozrunner::runner	INFO	Running command: "/usr/bin/firefox" "-marionette" "-foreground" "-no-remote" "-profile" "/tmp/rust_mozprofile.Yrqq9xnGHjwv"
1535981713034	Marionette	INFO	Listening on port 40541
1535981713102	Marionette	WARN	TLS certificate errors will be ignored for this session
JavaScript warning: http://cdnjs.cloudflare.com/ajax/libs/jquery/1.9.1/jquery.min.js, line 1: Using //@ to indicate sourceMappingURL pragmas is deprecated. Use //# instead
[Child 4600, Chrome_ChildThread] WARNING: pipe error (17): Connection reset by peer: file /build/firefox/src/mozilla-unified/ipc/chromium/src/chrome/common/ipc_channel_posix.cc, line 353
1535982140216	geckodriver	INFO	geckodriver 0.21.0
1535982140219	geckodriver	INFO	Listening on 127.0.0.1:35271
1535982141252	mozrunner::runner	INFO	Running command: "/usr/bin/firefox" "-marionette" "-foreground" "-no-remote" "-profile" "/tmp/rust_mozprofile.5DynoAkGDkR6"
1535982142428	Marionette	INFO	Listening on port 46179
1535982142458	Marionette	WARN	TLS certificate errors will be ignored for this session
JavaScript warning: http://cdnjs.cloudflare.com/ajax/libs/jquery/1.9.1/jquery.min.js, line 1: Using //@ to indicate sourceMappingURL pragmas is deprecated. Use //# instead
